<?xml version="1.0" encoding="UTF-8"?>
<testsuite xmlns:xsi="http://www.w3.org/2001/XMLSchema-instance" xsi:noNamespaceSchemaLocation="https://maven.apache.org/surefire/maven-surefire-plugin/xsd/surefire-test-report.xsd" version="3.0.2" name="com.concursoacm.ConcursoacmApplicationTests" time="47.322" tests="1" errors="0" skipped="0" failures="0">
  <properties>
[...]
</properties>
  <testcase name="contextLoads" classname="com.concursoacm.ConcursoacmApplicationTests" time="1.806">
    <system-out><![CDATA[01:30:43.670 [main] INFO org.springframework.test.context.support.AnnotationConfigContextLoaderUtils -- Could not detect default configuration classes for test class [com.concursoacm.ConcursoacmApplicationTests]: ConcursoacmApplicationTests does not declare any static, non-private, non-final, nested classes annotated with @Configuration.
01:30:43.988 [main] INFO org.springframework.boot.test.context.SpringBootTestContextBootstrapper -- Found @SpringBootConfiguration com.concursoacm.ConcursoacmApplication for test class com.concursoacm.ConcursoacmApplicationTests
01:30:44.474 [main] INFO org.springframework.boot.devtools.restart.RestartApplicationListener -- Restart disabled due to context in which it is running

  .   ____          _            __ _ _
 /\\ / ___'_ __ _ _(_)_ __  __ _ \ \ \ \
( ( )\___ | '_ | '_| | '_ \/ _` | \ \ \ \
 \\/  ___)| |_)| | | | | || (_| |  ) ) ) )
  '  |____| .__|_| |_|_| |_\__, | / / / /
 =========|_|==============|___/=/_/_/_/

 :: Spring Boot ::                (v3.4.4)

2025-07-02T01:30:45.687-04:00  INFO 948 --- [concursoacm] [           main] c.c.ConcursoacmApplicationTests          : Starting ConcursoacmApplicationTests using Java 24 with PID 948 (started by WTFLUISO in E:\Luisi\Programación Universidad\api_concursoacm)
2025-07-02T01:30:45.691-04:00  INFO 948 --- [concursoacm] [           main] c.c.ConcursoacmApplicationTests          : No active profile set, falling back to 1 default profile: "default"
2025-07-02T01:30:49.584-04:00  INFO 948 --- [concursoacm] [           main] .s.d.r.c.RepositoryConfigurationDelegate : Bootstrapping Spring Data JPA repositories in DEFAULT mode.
2025-07-02T01:30:49.914-04:00  INFO 948 --- [concursoacm] [           main] .s.d.r.c.RepositoryConfigurationDelegate : Finished Spring Data repository scanning in 303 ms. Found 10 JPA repository interfaces.
2025-07-02T01:30:51.903-04:00  INFO 948 --- [concursoacm] [           main] o.hibernate.jpa.internal.util.LogHelper  : HHH000204: Processing PersistenceUnitInfo [name: default]
2025-07-02T01:30:52.088-04:00  INFO 948 --- [concursoacm] [           main] org.hibernate.Version                    : HHH000412: Hibernate ORM core version 6.6.11.Final
2025-07-02T01:30:52.235-04:00  INFO 948 --- [concursoacm] [           main] o.h.c.internal.RegionFactoryInitiator    : HHH000026: Second-level cache disabled
2025-07-02T01:30:53.453-04:00  INFO 948 --- [concursoacm] [           main] o.s.o.j.p.SpringPersistenceUnitInfo      : No LoadTimeWeaver setup: ignoring JPA class transformer
2025-07-02T01:30:53.607-04:00  INFO 948 --- [concursoacm] [           main] com.zaxxer.hikari.HikariDataSource       : HikariPool-1 - Starting...
2025-07-02T01:30:57.019-04:00  INFO 948 --- [concursoacm] [           main] com.zaxxer.hikari.pool.HikariPool        : HikariPool-1 - Added connection com.mysql.cj.jdbc.ConnectionImpl@6071631f
2025-07-02T01:30:57.027-04:00  INFO 948 --- [concursoacm] [           main] com.zaxxer.hikari.HikariDataSource       : HikariPool-1 - Start completed.
2025-07-02T01:30:57.411-04:00  WARN 948 --- [concursoacm] [           main] org.hibernate.orm.deprecation            : HHH90000025: MySQL8Dialect does not need to be specified explicitly using 'hibernate.dialect' (remove the property setting and it will be selected by default)
2025-07-02T01:30:57.414-04:00  WARN 948 --- [concursoacm] [           main] org.hibernate.orm.deprecation            : HHH90000026: MySQL8Dialect has been deprecated; use org.hibernate.dialect.MySQLDialect instead
2025-07-02T01:30:57.511-04:00  INFO 948 --- [concursoacm] [           main] org.hibernate.orm.connections.pooling    : HHH10001005: Database info:
	Database JDBC URL [Connecting through datasource 'HikariDataSource (HikariPool-1)']
	Database driver: undefined/unknown
	Database version: 8.0
	Autocommit mode: undefined/unknown
	Isolation level: undefined/unknown
	Minimum pool size: undefined/unknown
	Maximum pool size: undefined/unknown
2025-07-02T01:30:59.995-04:00  INFO 948 --- [concursoacm] [           main] o.h.e.t.j.p.i.JtaPlatformInitiator       : HHH000489: No JTA platform available (set 'hibernate.transaction.jta.platform' to enable JTA platform integration)
2025-07-02T01:31:00.959-04:00 DEBUG 948 --- [concursoacm] [           main] org.hibernate.SQL                        : create table equipos (id_equipo integer not null auto_increment, nombre_equipo varchar(255) not null, id_equipo_categoria integer not null, id_pais integer not null, primary key (id_equipo)) engine=InnoDB
Hibernate: create table equipos (id_equipo integer not null auto_increment, nombre_equipo varchar(255) not null, id_equipo_categoria integer not null, id_pais integer not null, primary key (id_equipo)) engine=InnoDB
2025-07-02T01:31:01.389-04:00 DEBUG 948 --- [concursoacm] [           main] org.hibernate.SQL                        : create table equipos_categorias (id_equipo_categoria integer not null auto_increment, nombre_categoria varchar(255) not null, primary key (id_equipo_categoria)) engine=InnoDB
Hibernate: create table equipos_categorias (id_equipo_categoria integer not null auto_increment, nombre_categoria varchar(255) not null, primary key (id_equipo_categoria)) engine=InnoDB
2025-07-02T01:31:01.764-04:00 DEBUG 948 --- [concursoacm] [           main] org.hibernate.SQL                        : create table equipos_preguntas (id_equipo_pregunta integer not null auto_increment, id_equipo integer not null, id_pregunta integer not null, primary key (id_equipo_pregunta)) engine=InnoDB
Hibernate: create table equipos_preguntas (id_equipo_pregunta integer not null auto_increment, id_equipo integer not null, id_pregunta integer not null, primary key (id_equipo_pregunta)) engine=InnoDB
2025-07-02T01:31:02.423-04:00 DEBUG 948 --- [concursoacm] [           main] org.hibernate.SQL                        : create table jefes_delegacion (id_jefe integer not null auto_increment, contraseña varchar(255) not null, usuario_normalizado varchar(255) not null, id_participante integer not null, primary key (id_jefe)) engine=InnoDB
Hibernate: create table jefes_delegacion (id_jefe integer not null auto_increment, contraseña varchar(255) not null, usuario_normalizado varchar(255) not null, id_participante integer not null, primary key (id_jefe)) engine=InnoDB
2025-07-02T01:31:02.816-04:00 DEBUG 948 --- [concursoacm] [           main] org.hibernate.SQL                        : create table paises (id_pais integer not null auto_increment, codigo_telefonico varchar(255) not null, nombre_pais varchar(255) not null, id_region integer not null, primary key (id_pais)) engine=InnoDB
Hibernate: create table paises (id_pais integer not null auto_increment, codigo_telefonico varchar(255) not null, nombre_pais varchar(255) not null, id_region integer not null, primary key (id_pais)) engine=InnoDB
2025-07-02T01:31:03.251-04:00 DEBUG 948 --- [concursoacm] [           main] org.hibernate.SQL                        : create table participantes (id_participante integer not null auto_increment, edad integer not null, nombre varchar(255) not null, num_carnet varchar(255) not null, sexo varchar(255) not null, id_equipo integer, id_pais integer not null, primary key (id_participante)) engine=InnoDB
Hibernate: create table participantes (id_participante integer not null auto_increment, edad integer not null, nombre varchar(255) not null, num_carnet varchar(255) not null, sexo varchar(255) not null, id_equipo integer, id_pais integer not null, primary key (id_participante)) engine=InnoDB
2025-07-02T01:31:03.721-04:00 DEBUG 948 --- [concursoacm] [           main] org.hibernate.SQL                        : create table preguntas (id_pregunta integer not null auto_increment, puntuacion_maxima integer not null, texto varchar(255) not null, usada bit not null, id_clase integer not null, primary key (id_pregunta)) engine=InnoDB
Hibernate: create table preguntas (id_pregunta integer not null auto_increment, puntuacion_maxima integer not null, texto varchar(255) not null, usada bit not null, id_clase integer not null, primary key (id_pregunta)) engine=InnoDB
2025-07-02T01:31:04.097-04:00 DEBUG 948 --- [concursoacm] [           main] org.hibernate.SQL                        : create table preguntas_clases (id_clase integer not null auto_increment, nombre_clase varchar(255) not null, primary key (id_clase)) engine=InnoDB
Hibernate: create table preguntas_clases (id_clase integer not null auto_increment, nombre_clase varchar(255) not null, primary key (id_clase)) engine=InnoDB
2025-07-02T01:31:04.595-04:00 DEBUG 948 --- [concursoacm] [           main] org.hibernate.SQL                        : create table regiones (id_region integer not null auto_increment, nombre_region varchar(255) not null, primary key (id_region)) engine=InnoDB
Hibernate: create table regiones (id_region integer not null auto_increment, nombre_region varchar(255) not null, primary key (id_region)) engine=InnoDB
2025-07-02T01:31:04.978-04:00 DEBUG 948 --- [concursoacm] [           main] org.hibernate.SQL                        : create table respuestas (id_respuesta integer not null auto_increment, puntuacion_obtenida integer not null, respuesta_participante varchar(255) not null, id_participante integer not null, id_pregunta integer not null, primary key (id_respuesta)) engine=InnoDB
Hibernate: create table respuestas (id_respuesta integer not null auto_increment, puntuacion_obtenida integer not null, respuesta_participante varchar(255) not null, id_participante integer not null, id_pregunta integer not null, primary key (id_respuesta)) engine=InnoDB
2025-07-02T01:31:05.392-04:00 DEBUG 948 --- [concursoacm] [           main] org.hibernate.SQL                        : alter table jefes_delegacion drop index UKorilk1j4bc6qab75wj8mvcqsw
Hibernate: alter table jefes_delegacion drop index UKorilk1j4bc6qab75wj8mvcqsw
2025-07-02T01:31:06.629-04:00 DEBUG 948 --- [concursoacm] [           main] org.hibernate.SQL                        : alter table jefes_delegacion add constraint UKorilk1j4bc6qab75wj8mvcqsw unique (usuario_normalizado)
Hibernate: alter table jefes_delegacion add constraint UKorilk1j4bc6qab75wj8mvcqsw unique (usuario_normalizado)
2025-07-02T01:31:07.032-04:00 DEBUG 948 --- [concursoacm] [           main] org.hibernate.SQL                        : alter table jefes_delegacion drop index UK82o0ixphi9ry0j0ro44ravu6r
Hibernate: alter table jefes_delegacion drop index UK82o0ixphi9ry0j0ro44ravu6r
2025-07-02T01:31:07.490-04:00 DEBUG 948 --- [concursoacm] [           main] org.hibernate.SQL                        : alter table jefes_delegacion add constraint UK82o0ixphi9ry0j0ro44ravu6r unique (id_participante)
Hibernate: alter table jefes_delegacion add constraint UK82o0ixphi9ry0j0ro44ravu6r unique (id_participante)
2025-07-02T01:31:07.876-04:00 DEBUG 948 --- [concursoacm] [           main] org.hibernate.SQL                        : alter table preguntas_clases drop index UK6h2il3k1xmvqfhf7qf1qugm0h
Hibernate: alter table preguntas_clases drop index UK6h2il3k1xmvqfhf7qf1qugm0h
2025-07-02T01:31:08.216-04:00 DEBUG 948 --- [concursoacm] [           main] org.hibernate.SQL                        : alter table preguntas_clases add constraint UK6h2il3k1xmvqfhf7qf1qugm0h unique (nombre_clase)
Hibernate: alter table preguntas_clases add constraint UK6h2il3k1xmvqfhf7qf1qugm0h unique (nombre_clase)
2025-07-02T01:31:08.572-04:00 DEBUG 948 --- [concursoacm] [           main] org.hibernate.SQL                        : alter table equipos add constraint FK96sfdpk4uhwhd9u0th88c66gg foreign key (id_equipo_categoria) references equipos_categorias (id_equipo_categoria)
Hibernate: alter table equipos add constraint FK96sfdpk4uhwhd9u0th88c66gg foreign key (id_equipo_categoria) references equipos_categorias (id_equipo_categoria)
2025-07-02T01:31:09.043-04:00 DEBUG 948 --- [concursoacm] [           main] org.hibernate.SQL                        : alter table equipos add constraint FK186j6yn0l5dhlpo0qxockrqj foreign key (id_pais) references paises (id_pais)
Hibernate: alter table equipos add constraint FK186j6yn0l5dhlpo0qxockrqj foreign key (id_pais) references paises (id_pais)
2025-07-02T01:31:09.599-04:00 DEBUG 948 --- [concursoacm] [           main] org.hibernate.SQL                        : alter table equipos_preguntas add constraint FKrtkwyu169t50a25p7khg0rx4n foreign key (id_equipo) references equipos (id_equipo)
Hibernate: alter table equipos_preguntas add constraint FKrtkwyu169t50a25p7khg0rx4n foreign key (id_equipo) references equipos (id_equipo)
2025-07-02T01:31:10.113-04:00 DEBUG 948 --- [concursoacm] [           main] org.hibernate.SQL                        : alter table equipos_preguntas add constraint FKongd26thng71ic0w7uuf0yygk foreign key (id_pregunta) references preguntas (id_pregunta)
Hibernate: alter table equipos_preguntas add constraint FKongd26thng71ic0w7uuf0yygk foreign key (id_pregunta) references preguntas (id_pregunta)
2025-07-02T01:31:10.726-04:00 DEBUG 948 --- [concursoacm] [           main] org.hibernate.SQL                        : alter table jefes_delegacion add constraint FKeisro4n71abis8f5kyhbbcphh foreign key (id_participante) references participantes (id_participante)
Hibernate: alter table jefes_delegacion add constraint FKeisro4n71abis8f5kyhbbcphh foreign key (id_participante) references participantes (id_participante)
2025-07-02T01:31:11.236-04:00 DEBUG 948 --- [concursoacm] [           main] org.hibernate.SQL                        : alter table paises add constraint FKroibf39ciawnm4j972ydaayxd foreign key (id_region) references regiones (id_region)
Hibernate: alter table paises add constraint FKroibf39ciawnm4j972ydaayxd foreign key (id_region) references regiones (id_region)
2025-07-02T01:31:11.748-04:00 DEBUG 948 --- [concursoacm] [           main] org.hibernate.SQL                        : alter table participantes add constraint FKp6avm0wwkejyfkk6qlycyebei foreign key (id_equipo) references equipos (id_equipo)
Hibernate: alter table participantes add constraint FKp6avm0wwkejyfkk6qlycyebei foreign key (id_equipo) references equipos (id_equipo)
2025-07-02T01:31:12.223-04:00 DEBUG 948 --- [concursoacm] [           main] org.hibernate.SQL                        : alter table participantes add constraint FKsr76fk160tswgfn4mrx9vx28v foreign key (id_pais) references paises (id_pais)
Hibernate: alter table participantes add constraint FKsr76fk160tswgfn4mrx9vx28v foreign key (id_pais) references paises (id_pais)
2025-07-02T01:31:12.803-04:00 DEBUG 948 --- [concursoacm] [           main] org.hibernate.SQL                        : alter table preguntas add constraint FKgfvp27n18w0hin8l6xj024u4g foreign key (id_clase) references preguntas_clases (id_clase)
Hibernate: alter table preguntas add constraint FKgfvp27n18w0hin8l6xj024u4g foreign key (id_clase) references preguntas_clases (id_clase)
2025-07-02T01:31:13.326-04:00 DEBUG 948 --- [concursoacm] [           main] org.hibernate.SQL                        : alter table respuestas add constraint FKee0iexi1e4tddlpep7lbgqthg foreign key (id_participante) references participantes (id_participante)
Hibernate: alter table respuestas add constraint FKee0iexi1e4tddlpep7lbgqthg foreign key (id_participante) references participantes (id_participante)
2025-07-02T01:31:13.842-04:00 DEBUG 948 --- [concursoacm] [           main] org.hibernate.SQL                        : alter table respuestas add constraint FKhpdeptdk3p3fu5l3i57h9bhn7 foreign key (id_pregunta) references preguntas (id_pregunta)
Hibernate: alter table respuestas add constraint FKhpdeptdk3p3fu5l3i57h9bhn7 foreign key (id_pregunta) references preguntas (id_pregunta)
2025-07-02T01:31:14.331-04:00  INFO 948 --- [concursoacm] [           main] j.LocalContainerEntityManagerFactoryBean : Initialized JPA EntityManagerFactory for persistence unit 'default'
2025-07-02T01:31:15.793-04:00  INFO 948 --- [concursoacm] [           main] o.s.d.j.r.query.QueryEnhancerFactory     : Hibernate is in classpath; If applicable, HQL parser will be used.
2025-07-02T01:31:21.537-04:00  WARN 948 --- [concursoacm] [           main] JpaBaseConfiguration$JpaWebConfiguration : spring.jpa.open-in-view is enabled by default. Therefore, database queries may be performed during view rendering. Explicitly configure spring.jpa.open-in-view to disable this warning
2025-07-02T01:31:21.908-04:00  INFO 948 --- [concursoacm] [           main] r$InitializeUserDetailsManagerConfigurer : Global AuthenticationManager configured with UserDetailsService bean with name customUserDetailsService
2025-07-02T01:31:24.597-04:00  INFO 948 --- [concursoacm] [           main] o.s.b.a.e.web.EndpointLinksResolver      : Exposing 1 endpoint beneath base path '/actuator'
2025-07-02T01:31:25.206-04:00 DEBUG 948 --- [concursoacm] [           main] o.s.s.web.DefaultSecurityFilterChain     : Will secure any request with filters: DisableEncodeUrlFilter, WebAsyncManagerIntegrationFilter, SecurityContextHolderFilter, HeaderWriterFilter, CorsFilter, LogoutFilter, BasicAuthenticationFilter, RequestCacheAwareFilter, SecurityContextHolderAwareRequestFilter, AnonymousAuthenticationFilter, ExceptionTranslationFilter, AuthorizationFilter
2025-07-02T01:31:28.420-04:00  INFO 948 --- [concursoacm] [           main] c.c.ConcursoacmApplicationTests          : Started ConcursoacmApplicationTests in 43.98 seconds (process running for 47.06)
]]></system-out>
    <system-err><![CDATA[Mockito is currently self-attaching to enable the inline-mock-maker. This will no longer work in future releases of the JDK. Please add Mockito as an agent to your build what is described in Mockito's documentation: https://javadoc.io/doc/org.mockito/mockito-core/latest/org/mockito/Mockito.html#0.3
WARNING: A Java agent has been loaded dynamically (C:\Users\WTFLUISO\.m2\repository\net\bytebuddy\byte-buddy-agent\1.15.11\byte-buddy-agent-1.15.11.jar)
WARNING: If a serviceability tool is in use, please run with -XX:+EnableDynamicAgentLoading to hide this warning
WARNING: If a serviceability tool is not in use, please run with -Djdk.instrument.traceUsage for more information
WARNING: Dynamic loading of agents will be disallowed by default in a future release
]]></system-err>
  </testcase>
</testsuite>